2023-09-01 19:30:17,206 [INFO] Activator:176 - 


2023-09-01 19:30:17,206 [INFO] Activator:177 - !SESSION log4j initialized
2023-09-01 19:30:19,496 [INFO] LogOutputStream:77 - [STDOUT_REDIRECT] 
2023-09-01 19:30:20,938 [INFO] ApplicationProperties:184 - Using Application install path: C:\ST\STM32CubeIDE_1.13.1\STM32CubeIDE\plugins\com.st.stm32cube.common.mx_6.9.1.202307191849
2023-09-01 19:30:20,951 [INFO] DbMcusXml:78 - Set database path to: C:\ST\STM32CubeIDE_1.13.1\STM32CubeIDE\plugins\com.st.stm32cube.common.mx_6.9.1.202307191849\\db\/mcu/
2023-09-01 19:30:20,952 [INFO] ApiDb:274 - Set plugin database path to: C:\ST\STM32CubeIDE_1.13.1\STM32CubeIDE\plugins\com.st.stm32cube.common.mx_6.9.1.202307191849\\db\/plugins/boardmanager/
2023-09-01 19:30:20,953 [WARN] ApiDb:259 - Overriding images path with different value:  => C:\ST\STM32CubeIDE_1.13.1\STM32CubeIDE\plugins\com.st.stm32cube.common.mx_6.9.1.202307191849\\db\/plugins/mcufinder/images/
2023-09-01 19:30:20,963 [INFO] ApiDb:250 - Set database path to: C:\Users\Liu Woon Kit\.stmcufinder\plugins\mcufinder//mcu/
2023-09-01 19:30:20,964 [INFO] DbMcusAds:125 - Set database path to: C:\Users\Liu Woon Kit\.stmcufinder\plugins\mcufinder//mcu/
2023-09-01 19:30:20,968 [INFO] CrossReferenceDbSqlite:203 - Set database path to: C:\Users\Liu Woon Kit\.stmcufinder\plugins\mcufinder//mcu/cs/
2023-09-01 19:30:21,065 [INFO] RulesReader:64 - Compatibility file has been processed (293 Rules)
2023-09-01 19:30:21,132 [INFO] DbMcusXml:78 - Set database path to: C:\ST\STM32CubeIDE_1.13.1\STM32CubeIDE\plugins\com.st.stm32cube.common.mx_6.9.1.202307191849\\db\/mcu/
2023-09-01 19:30:21,133 [INFO] ApiDb:274 - Set plugin database path to: C:\ST\STM32CubeIDE_1.13.1\STM32CubeIDE\plugins\com.st.stm32cube.common.mx_6.9.1.202307191849\\db\/plugins/boardmanager/
2023-09-01 19:30:21,133 [INFO] ApiDb:261 - Set plugin images path to: C:\ST\STM32CubeIDE_1.13.1\STM32CubeIDE\plugins\com.st.stm32cube.common.mx_6.9.1.202307191849\\db\/plugins/mcufinder/images/
2023-09-01 19:30:21,133 [WARN] DbFile:41 - Overriding database path with different value: C:\Users\Liu Woon Kit\.stmcufinder\plugins\mcufinder/ => C:\Users\Liu Woon Kit\.stmcufinder\plugins\mcufinder
2023-09-01 19:30:21,133 [INFO] ApiDb:250 - Set database path to: C:\Users\Liu Woon Kit\.stmcufinder\plugins\mcufinder//mcu/
2023-09-01 19:30:21,133 [WARN] DbFile:41 - Overriding database path with different value: C:\Users\Liu Woon Kit\.stmcufinder\plugins\mcufinder/ => C:\Users\Liu Woon Kit\.stmcufinder\plugins\mcufinder
2023-09-01 19:30:21,133 [INFO] DbMcusAds:125 - Set database path to: C:\Users\Liu Woon Kit\.stmcufinder\plugins\mcufinder//mcu/
2023-09-01 19:30:21,133 [WARN] DbFile:41 - Overriding database path with different value: C:\Users\Liu Woon Kit\.stmcufinder\plugins\mcufinder/ => C:\Users\Liu Woon Kit\.stmcufinder\plugins\mcufinder
2023-09-01 19:30:21,133 [WARN] DbFile:41 - Overriding database path with different value: C:\Users\Liu Woon Kit\.stmcufinder\plugins\mcufinder/ => C:\Users\Liu Woon Kit\.stmcufinder\plugins\mcufinder
2023-09-01 19:30:21,133 [INFO] CrossReferenceDbSqlite:203 - Set database path to: C:\Users\Liu Woon Kit\.stmcufinder\plugins\mcufinder//mcu/cs/
2023-09-01 19:30:21,196 [INFO] MainPanel:262 - HeapMemory: 268435456
2023-09-01 19:30:21,248 [INFO] DbMcusXml:78 - Set database path to: C:\ST\STM32CubeIDE_1.13.1\STM32CubeIDE\plugins\com.st.stm32cube.common.mx_6.9.1.202307191849\\db\/mcu/
2023-09-01 19:30:21,249 [INFO] ApiDb:274 - Set plugin database path to: C:\ST\STM32CubeIDE_1.13.1\STM32CubeIDE\plugins\com.st.stm32cube.common.mx_6.9.1.202307191849\\db\/plugins/boardmanager/
2023-09-01 19:30:21,249 [INFO] ApiDb:261 - Set plugin images path to: C:\ST\STM32CubeIDE_1.13.1\STM32CubeIDE\plugins\com.st.stm32cube.common.mx_6.9.1.202307191849\\db\/plugins/mcufinder/images/
2023-09-01 19:30:21,249 [WARN] DbFile:41 - Overriding database path with different value: C:\Users\Liu Woon Kit\.stmcufinder\plugins\mcufinder/ => C:\Users\Liu Woon Kit\.stmcufinder\plugins\mcufinder
2023-09-01 19:30:21,249 [INFO] ApiDb:250 - Set database path to: C:\Users\Liu Woon Kit\.stmcufinder\plugins\mcufinder//mcu/
2023-09-01 19:30:21,249 [WARN] DbFile:41 - Overriding database path with different value: C:\Users\Liu Woon Kit\.stmcufinder\plugins\mcufinder/ => C:\Users\Liu Woon Kit\.stmcufinder\plugins\mcufinder
2023-09-01 19:30:21,249 [INFO] DbMcusAds:125 - Set database path to: C:\Users\Liu Woon Kit\.stmcufinder\plugins\mcufinder//mcu/
2023-09-01 19:30:21,249 [WARN] DbFile:41 - Overriding database path with different value: C:\Users\Liu Woon Kit\.stmcufinder\plugins\mcufinder/ => C:\Users\Liu Woon Kit\.stmcufinder\plugins\mcufinder
2023-09-01 19:30:21,250 [WARN] DbFile:41 - Overriding database path with different value: C:\Users\Liu Woon Kit\.stmcufinder\plugins\mcufinder/ => C:\Users\Liu Woon Kit\.stmcufinder\plugins\mcufinder
2023-09-01 19:30:21,250 [INFO] CrossReferenceDbSqlite:203 - Set database path to: C:\Users\Liu Woon Kit\.stmcufinder\plugins\mcufinder//mcu/cs/
2023-09-01 19:30:21,265 [INFO] ApplicationProperties:184 - Using Application install path: C:\ST\STM32CubeIDE_1.13.1\STM32CubeIDE\plugins\com.st.stm32cube.common.mx_6.9.1.202307191849
2023-09-01 19:30:21,266 [INFO] PluginManage:196 - Search for loadable plugins [exclusion list=, ]
2023-09-01 19:30:21,267 [INFO] PluginManage:310 - Check plugin analytics
2023-09-01 19:30:21,414 [INFO] AnalyticsPlugin:253 - Accepted Software Licenses: 
2023-09-01 19:30:21,414 [INFO] AnalyticsPlugin:255 - Accepted CMSIS Pack Licenses: 
2023-09-01 19:30:21,414 [INFO] AnalyticsPlugin:257 - Accepted Firmware Licenses: 
2023-09-01 19:30:21,416 [INFO] PluginManage:359 - Loaded plugin analytics (category:tool,tabindex:-1)
2023-09-01 19:30:21,416 [INFO] PluginManage:310 - Check plugin cadmodel
2023-09-01 19:30:21,420 [INFO] CADModel:105 - Init CAD model plugin
2023-09-01 19:30:21,420 [INFO] PluginManage:359 - Loaded plugin cadmodel (category:power,tabindex:5)
2023-09-01 19:30:21,420 [INFO] PluginManage:310 - Check plugin clock
2023-09-01 19:30:21,428 [INFO] PluginManage:359 - Loaded plugin clock (category:base,tabindex:2)
2023-09-01 19:30:21,428 [INFO] PluginManage:310 - Check plugin ddr
2023-09-01 19:30:21,430 [INFO] PluginManage:359 - Loaded plugin ddr (category:tool,tabindex:6)
2023-09-01 19:30:21,430 [INFO] PluginManage:310 - Check plugin filemanager
2023-09-01 19:30:21,544 [INFO] PluginManage:359 - Loaded plugin filemanager (category:base,tabindex:10)
2023-09-01 19:30:21,544 [INFO] PluginManage:310 - Check plugin ipmanager
2023-09-01 19:30:21,550 [INFO] PluginManage:359 - Loaded plugin ipmanager (category:base,tabindex:5)
2023-09-01 19:30:21,551 [INFO] PluginManage:310 - Check plugin lpbam
2023-09-01 19:30:21,558 [INFO] PluginManage:359 - Loaded plugin lpbam (category:base,tabindex:0)
2023-09-01 19:30:21,559 [INFO] PluginManage:310 - Check plugin memorymap
2023-09-01 19:30:21,570 [INFO] PluginManage:359 - Loaded plugin memorymap (category:base,tabindex:4)
2023-09-01 19:30:21,571 [INFO] PluginManage:310 - Check plugin pinoutandconfiguration
2023-09-01 19:30:21,577 [INFO] PluginManage:359 - Loaded plugin pinoutandconfiguration (category:base,tabindex:1)
2023-09-01 19:30:21,578 [INFO] PluginManage:310 - Check plugin pinoutconfig
2023-09-01 19:30:21,655 [WARN] SupportedApi:132 - Cannot load RTOS API schema: s4s-elt-must-match.1: The content of 'definitions' must match (annotation?, (simpleType | complexType)?, (unique | key | keyref)*)). A problem was found starting at: attribute.
2023-09-01 19:30:21,818 [INFO] PluginManage:359 - Loaded plugin pinoutconfig (category:base,tabindex:0)
2023-09-01 19:30:21,818 [INFO] PluginManage:310 - Check plugin power
2023-09-01 19:30:21,824 [INFO] PluginManage:359 - Loaded plugin power (category:power,tabindex:4)
2023-09-01 19:30:21,825 [INFO] PluginManage:310 - Check plugin projectmanager
2023-09-01 19:30:21,836 [INFO] PluginManage:359 - Loaded plugin projectmanager (category:projectmanager,tabindex:3)
2023-09-01 19:30:21,836 [INFO] PluginManage:310 - Check plugin thirdparty
2023-09-01 19:30:21,940 [WARN] IntegrityCheckThread:84 - waiting for thirdparty lock release [integrity check]
2023-09-01 19:30:21,940 [INFO] PluginManage:359 - Loaded plugin thirdparty (category:base,tabindex:-1)
2023-09-01 19:30:21,941 [INFO] IntegrityCheckThread:86 - entering critical section [integrity check]
2023-09-01 19:30:21,941 [INFO] PluginManage:310 - Check plugin tools
2023-09-01 19:30:21,941 [INFO] ThirdPartyUpdaterWithRetryManager:70 - Updater plugin not ready yet. [1/15]
2023-09-01 19:30:21,943 [INFO] PluginManage:359 - Loaded plugin tools (category:base,tabindex:7)
2023-09-01 19:30:21,943 [INFO] PluginManage:310 - Check plugin tutovideos
2023-09-01 19:30:22,075 [INFO] PluginManage:359 - Loaded plugin tutovideos (category:base,tabindex:-1)
2023-09-01 19:30:22,075 [INFO] PluginManage:310 - Check plugin updater
2023-09-01 19:30:22,086 [INFO] PluginManage:359 - Loaded plugin updater (category:base,tabindex:12)
2023-09-01 19:30:22,087 [INFO] PluginManage:310 - Check plugin userauth
2023-09-01 19:30:22,092 [INFO] UserAuth:113 - Init User Auth plugin
2023-09-01 19:30:22,092 [INFO] PluginManage:359 - Loaded plugin userauth (category:base,tabindex:14)
2023-09-01 19:30:22,092 [INFO] PluginManage:283 - PluginManage : Loaded plugins [17]
2023-09-01 19:30:22,294 [INFO] PinOutPanel:1499 - setPackage(No Configuration,No Configuration)
2023-09-01 19:30:22,388 [INFO] CADModel:165 - CPN selected for project level
2023-09-01 19:30:22,388 [INFO] CADModel:114 - Register for checkConnection events
2023-09-01 19:30:22,402 [INFO] IPUIPlugin:80 - create IPUIPlugin
2023-09-01 19:30:22,402 [INFO] PluginManager:220 - loadIPPluginJar : add adc
2023-09-01 19:30:22,404 [INFO] IPUIPlugin:80 - create IPUIPlugin
2023-09-01 19:30:22,405 [INFO] PluginManager:220 - loadIPPluginJar : add aes
2023-09-01 19:30:22,407 [INFO] IPUIPlugin:80 - create IPUIPlugin
2023-09-01 19:30:22,408 [INFO] PluginManager:220 - loadIPPluginJar : add can
2023-09-01 19:30:22,409 [INFO] IPUIPlugin:80 - create IPUIPlugin
2023-09-01 19:30:22,409 [INFO] PluginManager:220 - loadIPPluginJar : add comp
2023-09-01 19:30:22,410 [INFO] IPUIPlugin:80 - create IPUIPlugin
2023-09-01 19:30:22,411 [INFO] PluginManager:220 - loadIPPluginJar : add cryp
2023-09-01 19:30:22,412 [INFO] IPUIPlugin:80 - create IPUIPlugin
2023-09-01 19:30:22,412 [INFO] PluginManager:220 - loadIPPluginJar : add dfsdm
2023-09-01 19:30:22,417 [INFO] IPUIPlugin:80 - create IPUIPlugin
2023-09-01 19:30:22,417 [INFO] PluginManager:220 - loadIPPluginJar : add dma
2023-09-01 19:30:22,419 [INFO] IPUIPlugin:80 - create IPUIPlugin
2023-09-01 19:30:22,419 [INFO] PluginManager:220 - loadIPPluginJar : add dma3
2023-09-01 19:30:22,420 [INFO] IPUIPlugin:80 - create IPUIPlugin
2023-09-01 19:30:22,420 [INFO] PluginManager:220 - loadIPPluginJar : add fatfs
2023-09-01 19:30:22,424 [INFO] IPUIPlugin:80 - create IPUIPlugin
2023-09-01 19:30:22,424 [INFO] PluginManager:220 - loadIPPluginJar : add fmc
2023-09-01 19:30:22,428 [INFO] IPUIPlugin:80 - create IPUIPlugin
2023-09-01 19:30:22,428 [INFO] PluginManager:220 - loadIPPluginJar : add freertos
2023-09-01 19:30:22,430 [INFO] IPUIPlugin:80 - create IPUIPlugin
2023-09-01 19:30:22,430 [INFO] PluginManager:220 - loadIPPluginJar : add genericplugin
2023-09-01 19:30:22,431 [INFO] IPUIPlugin:80 - create IPUIPlugin
2023-09-01 19:30:22,431 [INFO] PluginManager:220 - loadIPPluginJar : add gfxmmu
2023-09-01 19:30:22,436 [INFO] IPUIPlugin:80 - create IPUIPlugin
2023-09-01 19:30:22,436 [INFO] PluginManager:220 - loadIPPluginJar : add gic
2023-09-01 19:30:22,442 [INFO] IPUIPlugin:80 - create IPUIPlugin
2023-09-01 19:30:22,442 [INFO] PluginManager:220 - loadIPPluginJar : add gpio
2023-09-01 19:30:22,445 [INFO] IPUIPlugin:80 - create IPUIPlugin
2023-09-01 19:30:22,445 [INFO] PluginManager:220 - loadIPPluginJar : add gtzc
2023-09-01 19:30:22,447 [INFO] IPUIPlugin:80 - create IPUIPlugin
2023-09-01 19:30:22,447 [INFO] PluginManager:220 - loadIPPluginJar : add hash
2023-09-01 19:30:22,450 [INFO] IPUIPlugin:80 - create IPUIPlugin
2023-09-01 19:30:22,450 [INFO] PluginManager:220 - loadIPPluginJar : add i2c
2023-09-01 19:30:22,451 [INFO] IPUIPlugin:80 - create IPUIPlugin
2023-09-01 19:30:22,451 [INFO] PluginManager:220 - loadIPPluginJar : add i2s
2023-09-01 19:30:22,453 [INFO] IPUIPlugin:80 - create IPUIPlugin
2023-09-01 19:30:22,454 [INFO] PluginManager:220 - loadIPPluginJar : add i3c
2023-09-01 19:30:22,456 [INFO] IPUIPlugin:80 - create IPUIPlugin
2023-09-01 19:30:22,456 [INFO] PluginManager:220 - loadIPPluginJar : add ipddr
2023-09-01 19:30:22,463 [INFO] IPUIPlugin:80 - create IPUIPlugin
2023-09-01 19:30:22,463 [INFO] PluginManager:220 - loadIPPluginJar : add linkedlist
2023-09-01 19:30:22,465 [INFO] IPUIPlugin:80 - create IPUIPlugin
2023-09-01 19:30:22,466 [INFO] PluginManager:220 - loadIPPluginJar : add lorawan
2023-09-01 19:30:22,467 [INFO] IPUIPlugin:80 - create IPUIPlugin
2023-09-01 19:30:22,467 [INFO] PluginManager:220 - loadIPPluginJar : add ltdc
2023-09-01 19:30:22,472 [INFO] IPUIPlugin:80 - create IPUIPlugin
2023-09-01 19:30:22,473 [INFO] PluginManager:220 - loadIPPluginJar : add mdma
2023-09-01 19:30:22,476 [INFO] IPUIPlugin:80 - create IPUIPlugin
2023-09-01 19:30:22,476 [INFO] PluginManager:220 - loadIPPluginJar : add nvic
2023-09-01 19:30:22,478 [INFO] IPUIPlugin:80 - create IPUIPlugin
2023-09-01 19:30:22,479 [INFO] PluginManager:220 - loadIPPluginJar : add opamp
2023-09-01 19:30:22,482 [INFO] IPUIPlugin:80 - create IPUIPlugin
2023-09-01 19:30:22,482 [INFO] PluginManager:220 - loadIPPluginJar : add openamp
2023-09-01 19:30:22,485 [INFO] IPUIPlugin:80 - create IPUIPlugin
2023-09-01 19:30:22,485 [INFO] PluginManager:220 - loadIPPluginJar : add pdm2pcm
2023-09-01 19:30:22,492 [INFO] IPUIPlugin:80 - create IPUIPlugin
2023-09-01 19:30:22,495 [INFO] PluginManager:220 - loadIPPluginJar : add plateformsettings
2023-09-01 19:30:22,496 [INFO] IPUIPlugin:80 - create IPUIPlugin
2023-09-01 19:30:22,496 [INFO] PluginManager:220 - loadIPPluginJar : add quadspi
2023-09-01 19:30:22,499 [INFO] IPUIPlugin:80 - create IPUIPlugin
2023-09-01 19:30:22,499 [INFO] PluginManager:220 - loadIPPluginJar : add resmgrutility
2023-09-01 19:30:22,502 [INFO] IPUIPlugin:80 - create IPUIPlugin
2023-09-01 19:30:22,502 [INFO] PluginManager:220 - loadIPPluginJar : add sai
2023-09-01 19:30:22,505 [INFO] IPUIPlugin:80 - create IPUIPlugin
2023-09-01 19:30:22,505 [INFO] PluginManager:220 - loadIPPluginJar : add spi
2023-09-01 19:30:22,511 [INFO] IPUIPlugin:80 - create IPUIPlugin
2023-09-01 19:30:22,511 [INFO] PluginManager:220 - loadIPPluginJar : add stm32_wpan
2023-09-01 19:30:22,513 [INFO] IPUIPlugin:80 - create IPUIPlugin
2023-09-01 19:30:22,513 [INFO] PluginManager:220 - loadIPPluginJar : add tim
2023-09-01 19:30:22,516 [INFO] IPUIPlugin:80 - create IPUIPlugin
2023-09-01 19:30:22,516 [INFO] PluginManager:220 - loadIPPluginJar : add touchsensing
2023-09-01 19:30:22,518 [INFO] IPUIPlugin:80 - create IPUIPlugin
2023-09-01 19:30:22,518 [INFO] PluginManager:220 - loadIPPluginJar : add tracer_emb
2023-09-01 19:30:22,520 [INFO] IPUIPlugin:80 - create IPUIPlugin
2023-09-01 19:30:22,520 [INFO] PluginManager:220 - loadIPPluginJar : add ts
2023-09-01 19:30:22,521 [INFO] IPUIPlugin:80 - create IPUIPlugin
2023-09-01 19:30:22,521 [INFO] PluginManager:220 - loadIPPluginJar : add tsc
2023-09-01 19:30:22,523 [INFO] IPUIPlugin:80 - create IPUIPlugin
2023-09-01 19:30:22,523 [INFO] PluginManager:220 - loadIPPluginJar : add ucpd
2023-09-01 19:30:22,526 [INFO] IPUIPlugin:80 - create IPUIPlugin
2023-09-01 19:30:22,527 [INFO] PluginManager:220 - loadIPPluginJar : add usart
2023-09-01 19:30:22,529 [INFO] IPUIPlugin:80 - create IPUIPlugin
2023-09-01 19:30:22,530 [INFO] PluginManager:220 - loadIPPluginJar : add usbx
2023-09-01 19:30:22,650 [INFO] CADModel:165 - CPN selected for project level
2023-09-01 19:30:22,651 [INFO] CADModel:114 - Register for checkConnection events
2023-09-01 19:30:22,651 [FATAL] Updater:308 - Updater called before beeing initialized
2023-09-01 19:30:22,651 [ERROR] CADModel:125 - Updater not yet initialized, retry later 
2023-09-01 19:30:22,817 [INFO] CADModel:165 - CPN selected for project level
2023-09-01 19:30:22,817 [INFO] CADModel:114 - Register for checkConnection events
2023-09-01 19:30:22,817 [FATAL] Updater:308 - Updater called before beeing initialized
2023-09-01 19:30:22,817 [ERROR] CADModel:125 - Updater not yet initialized, retry later 
2023-09-01 19:30:22,820 [FATAL] Updater:308 - Updater called before beeing initialized
2023-09-01 19:30:22,903 [FATAL] Updater:308 - Updater called before beeing initialized
2023-09-01 19:30:22,908 [INFO] DbMcusAds:53 - JSON generation date=Tue Mar 07 16:50:55 SGT 2023 (1678179055114)
2023-09-01 19:30:22,908 [FATAL] Updater:308 - Updater called before beeing initialized
2023-09-01 19:30:22,936 [WARN] DetailPanel:346 - Failed to get advertising image, set to default
2023-09-01 19:30:23,008 [FATAL] Updater:308 - Updater called before beeing initialized
2023-09-01 19:30:23,010 [FATAL] Updater:308 - Updater called before beeing initialized
2023-09-01 19:30:23,010 [FATAL] Updater:308 - Updater called before beeing initialized
2023-09-01 19:30:23,010 [WARN] DetailPanel:346 - Failed to get advertising image, set to default
2023-09-01 19:30:23,011 [FATAL] Updater:308 - Updater called before beeing initialized
2023-09-01 19:30:23,050 [ERROR] Updater:1120 - MainUpdater not yet initialized. External WinMGr cannot be set.
2023-09-01 19:30:23,052 [INFO] Updater:1056 - Updater Version found : 6.9.1
2023-09-01 19:30:23,073 [INFO] ApplicationProperties:184 - Using Application install path: C:\ST\STM32CubeIDE_1.13.1\STM32CubeIDE\plugins\com.st.stm32cube.common.mx_6.9.1.202307191849
2023-09-01 19:30:23,194 [INFO] MainUpdater:2868 - connection check result : 10
2023-09-01 19:30:23,195 [INFO] MainUpdater:285 - Updater Check For Update Now.
2023-09-01 19:30:23,195 [INFO] MicroXplorer:498 - Change Database Version : DB.6.0.91
2023-09-01 19:30:23,200 [INFO] McuFinderGlobals:63 - Set McuFinder mode to 2 (CubeIDE integrated)
2023-09-01 19:30:23,200 [INFO] UserAuth:179 - activating auth plugin
2023-09-01 19:30:23,203 [INFO] UserAuth:393 - Internet connection configuration mode: 1
2023-09-01 19:30:23,215 [INFO] JxBrowserEngine:151 - Initiate JxBrowser Engine with user profile folder
2023-09-01 19:30:23,354 [INFO] CheckServerUpdateThread:120 - End of CheckServer Thread
2023-09-01 19:30:23,675 [INFO] WebApp:157 - Instantiating new browser for Auth
2023-09-01 19:30:24,056 [INFO] WebApp:753 - Register for checkConnection events
2023-09-01 19:30:24,057 [INFO] WebApp:390 - Apply proxy settings
2023-09-01 19:30:24,057 [INFO] WebApp:475 - Chromium requires no authentication
2023-09-01 19:30:24,062 [INFO] WebApp:418 - Direct internet connection detected
2023-09-01 19:30:24,194 [INFO] WebApp:188 - Starting web application
2023-09-01 19:30:24,194 [INFO] WebApp:520 - Web application path used C:\ST\STM32CubeIDE_1.13.1\STM32CubeIDE\plugins\com.st.stm32cube.common.mx_6.9.1.202307191849\db\plugins\mcufinder\reactClient1\index.html
2023-09-01 19:30:25,043 [WARN] PackLoader:240 - Cannot read IP mode file for STMicroelectronics.X-CUBE-SMBUS.2.1.0
2023-09-01 19:30:25,084 [WARN] PackLoader:240 - Cannot read IP mode file for STMicroelectronics.X-CUBE-AZRTOS-F7.1.1.0
2023-09-01 19:30:25,097 [WARN] PackLoader:240 - Cannot read IP mode file for STMicroelectronics.FP-SNS-MOTENV1.4.3.2
2023-09-01 19:30:25,104 [WARN] PackLoader:240 - Cannot read IP mode file for STMicroelectronics.FP-SNS-FLIGHT1.5.0.2
2023-09-01 19:30:25,113 [WARN] PackLoader:240 - Cannot read IP mode file for STMicroelectronics.X-CUBE-DISPLAY.3.0.0
2023-09-01 19:30:25,127 [WARN] PackLoader:240 - Cannot read IP mode file for STMicroelectronics.X-CUBE-BLE1.7.0.0
2023-09-01 19:30:25,133 [WARN] PackLoader:240 - Cannot read IP mode file for emotas.I-CUBE-CANOPEN.1.3.0
2023-09-01 19:30:25,137 [WARN] PackLoader:240 - Cannot read IP mode file for STMicroelectronics.X-CUBE-TOUCHGFX.4.22.0
2023-09-01 19:30:25,147 [INFO] LogOutputStream:77 - [STDOUT_REDIRECT] 1 : Invalid condition id : UX_CORESTACK_Condition cause : null
2023-09-01 19:30:25,148 [INFO] LogOutputStream:77 - [STDOUT_REDIRECT] 1 : Invalid condition id : UX_CORESTACK_Condition cause : null
2023-09-01 19:30:25,149 [INFO] LogOutputStream:77 - [STDOUT_REDIRECT] 1 : Invalid condition id : UX_CORESTACK_Condition cause : null
2023-09-01 19:30:25,150 [INFO] LogOutputStream:77 - [STDOUT_REDIRECT] 1 : Invalid condition id : UX_CORESTACK_Condition cause : null
2023-09-01 19:30:25,151 [INFO] LogOutputStream:77 - [STDOUT_REDIRECT] 1 : Invalid condition id : UX_CORESTACK_Condition cause : null
2023-09-01 19:30:25,154 [WARN] PackLoader:240 - Cannot read IP mode file for STMicroelectronics.X-CUBE-AZRTOS-WL.2.0.0
2023-09-01 19:30:25,163 [WARN] PackLoader:240 - Cannot read IP mode file for WES.I-CUBE-Cesium.1.3.0
2023-09-01 19:30:25,168 [WARN] PackLoader:240 - Cannot read IP mode file for STMicroelectronics.X-CUBE-BLE2.3.3.0
2023-09-01 19:30:25,173 [WARN] PackLoader:240 - Cannot read IP mode file for STMicroelectronics.X-CUBE-ALGOBUILD.1.3.0
2023-09-01 19:30:25,200 [WARN] PackLoader:240 - Cannot read IP mode file for STMicroelectronics.X-CUBE-AZRTOS-G0.1.1.0
2023-09-01 19:30:25,207 [WARN] PackLoader:240 - Cannot read IP mode file for STMicroelectronics.X-CUBE-NFC4.3.0.0
2023-09-01 19:30:25,214 [WARN] PackLoader:240 - Cannot read IP mode file for STMicroelectronics.FP-ATR-SIGFOX1.3.2.0
2023-09-01 19:30:25,263 [WARN] PackLoader:240 - Cannot read IP mode file for SEGGER.I-CUBE-embOS.1.3.1
2023-09-01 19:30:25,301 [WARN] PackLoader:240 - Cannot read IP mode file for STMicroelectronics.X-CUBE-GNSS1.6.0.0
2023-09-01 19:30:25,313 [WARN] PackLoader:240 - Cannot read IP mode file for STMicroelectronics.X-CUBE-AZRTOS-F4.1.1.0
2023-09-01 19:30:25,319 [WARN] PackLoader:240 - Cannot read IP mode file for wolfSSL.I-CUBE-wolfSSL.5.6.3
2023-09-01 19:30:25,329 [WARN] PackLoader:240 - Cannot read IP mode file for STMicroelectronics.X-CUBE-AZRTOS-L5.2.0.0
2023-09-01 19:30:25,362 [WARN] PackLoader:240 - Cannot read IP mode file for STMicroelectronics.X-CUBE-MEMS1.9.6.0
2023-09-01 19:30:25,460 [WARN] PackLoader:240 - Cannot read IP mode file for STMicroelectronics.X-CUBE-BLEMGR.2.0.0
2023-09-01 19:30:25,470 [WARN] ConditionMgr:438 - getConditionDescription Invalid condition id : UX DEVICE CLASS RTOS Condition cause : null
2023-09-01 19:30:25,470 [WARN] ConditionMgr:438 - getConditionDescription Invalid condition id : UX DEVICE CLASS RTOS Condition cause : null
2023-09-01 19:30:25,472 [WARN] PackLoader:240 - Cannot read IP mode file for STMicroelectronics.X-CUBE-AZRTOS-H7.3.1.0
2023-09-01 19:30:25,472 [WARN] ConditionMgr:1039 - genDependencies : Invalid condition id : UX DEVICE CLASS RTOS Condition cause : null
2023-09-01 19:30:25,473 [WARN] ConditionMgr:1039 - genDependencies : Invalid condition id : UX DEVICE CLASS RTOS Condition cause : null
2023-09-01 19:30:25,473 [WARN] ConditionMgr:1039 - genDependencies : Invalid condition id : UX DEVICE CLASS RTOS Condition cause : null
2023-09-01 19:30:25,473 [WARN] ConditionMgr:1039 - genDependencies : Invalid condition id : UX DEVICE CLASS RTOS Condition cause : null
2023-09-01 19:30:25,473 [WARN] ConditionMgr:1039 - genDependencies : Invalid condition id : UX DEVICE CLASS RTOS Condition cause : null
2023-09-01 19:30:25,477 [WARN] PackLoader:240 - Cannot read IP mode file for STMicroelectronics.X-CUBE-NFC7.1.0.1
2023-09-01 19:30:25,482 [WARN] PackLoader:240 - Cannot read IP mode file for STMicroelectronics.X-CUBE-EEPRMA1.4.1.0
2023-09-01 19:30:25,485 [WARN] PackLoader:240 - Cannot read IP mode file for STMicroelectronics.X-CUBE-AI.8.1.0
2023-09-01 19:30:25,495 [WARN] ConditionMgr:438 - getConditionDescription Invalid condition id : LAN8742 Phy interface Condition cause : null
2023-09-01 19:30:25,495 [WARN] PackLoader:240 - Cannot read IP mode file for STMicroelectronics.X-CUBE-AZRTOS-L4.2.0.0
2023-09-01 19:30:25,496 [WARN] ConditionMgr:1039 - genDependencies : Invalid condition id : LAN8742 Phy interface Condition cause : null
2023-09-01 19:30:25,497 [WARN] ConditionMgr:1039 - genDependencies : Invalid condition id : LAN8742 Phy interface Condition cause : null
2023-09-01 19:30:25,497 [WARN] ConditionMgr:1039 - genDependencies : Invalid condition id : LAN8742 Phy interface Condition cause : null
2023-09-01 19:30:25,502 [WARN] PackLoader:240 - Cannot read IP mode file for STMicroelectronics.X-CUBE-SFXS2LP1.4.0.0
2023-09-01 19:30:25,505 [WARN] PackLoader:240 - Cannot read IP mode file for STMicroelectronics.X-CUBE-ISPU.1.1.0
2023-09-01 19:30:25,516 [WARN] ConditionMgr:438 - getConditionDescription Invalid condition id : UX DEVICE CLASS RTOS Condition cause : null
2023-09-01 19:30:25,516 [WARN] ConditionMgr:438 - getConditionDescription Invalid condition id : UX DEVICE CLASS RTOS Condition cause : null
2023-09-01 19:30:25,518 [WARN] PackLoader:240 - Cannot read IP mode file for STMicroelectronics.X-CUBE-AZRTOS-WB.2.0.0
2023-09-01 19:30:25,518 [WARN] ConditionMgr:1039 - genDependencies : Invalid condition id : UX DEVICE CLASS RTOS Condition cause : null
2023-09-01 19:30:25,518 [WARN] ConditionMgr:1039 - genDependencies : Invalid condition id : UX DEVICE CLASS RTOS Condition cause : null
2023-09-01 19:30:25,518 [WARN] ConditionMgr:1039 - genDependencies : Invalid condition id : UX DEVICE CLASS RTOS Condition cause : null
2023-09-01 19:30:25,519 [WARN] ConditionMgr:1039 - genDependencies : Invalid condition id : UX DEVICE CLASS RTOS Condition cause : null
2023-09-01 19:30:25,519 [WARN] ConditionMgr:1039 - genDependencies : Invalid condition id : UX DEVICE CLASS RTOS Condition cause : null
2023-09-01 19:30:25,525 [WARN] PackLoader:240 - Cannot read IP mode file for STMicroelectronics.X-CUBE-SUBG2.5.0.0
2023-09-01 19:30:25,542 [WARN] PackLoader:240 - Cannot read IP mode file for STMicroelectronics.X-CUBE-TOF1.3.3.1
2023-09-01 19:30:25,561 [WARN] PackLoader:240 - Cannot read IP mode file for STMicroelectronics.X-CUBE-AZRTOS-G4.2.0.0
2023-09-01 19:30:25,565 [WARN] PackLoader:240 - Cannot read IP mode file for STMicroelectronics.X-CUBE-FREERTOS.1.1.0
2023-09-01 19:30:25,569 [WARN] PackLoader:240 - Cannot read IP mode file for portGmbH.I-Cube-SoM-uGOAL.1.1.0
2023-09-01 19:30:25,572 [WARN] PackLoader:240 - Cannot read IP mode file for STMicroelectronics.X-CUBE-ALS.1.0.1
2023-09-01 19:30:25,575 [WARN] PackLoader:240 - Cannot read IP mode file for STMicroelectronics.FP-ATR-ASTRA1.2.0.0
2023-09-01 19:30:25,575 [INFO] ThirdParty:978 - Integrity check success = true
2023-09-01 19:30:25,575 [INFO] IntegrityCheckThread:100 - exiting critical section [integrity check]
2023-09-01 19:30:25,576 [INFO] IntegrityCheckThread:103 - End integrity checks thread
2023-09-01 19:30:44,741 [ERROR] LogOutputStream:75 - [STDERR_REDIRECT] SLF4J: Failed to load class "org.slf4j.impl.StaticLoggerBinder".
2023-09-01 19:30:44,741 [ERROR] LogOutputStream:75 - [STDERR_REDIRECT] SLF4J: Defaulting to no-operation (NOP) logger implementation
2023-09-01 19:30:44,742 [ERROR] LogOutputStream:75 - [STDERR_REDIRECT] SLF4J: See http://www.slf4j.org/codes.html#StaticLoggerBinder for further details.
2023-09-01 19:30:50,719 [INFO] LogOutputStream:77 - [STDOUT_REDIRECT] Unexpected error loading extension: org.eclipse.equinox.p2.metadata.repository.compositeRepository
2023-09-01 19:30:50,721 [ERROR] LogOutputStream:75 - [STDERR_REDIRECT] java.lang.IllegalStateException: bundle org.eclipse.equinox.p2.repositoryis not started
2023-09-01 19:30:50,722 [ERROR] LogOutputStream:75 - [STDERR_REDIRECT] 	at org.eclipse.equinox.internal.p2.repository.Activator.getContext(Activator.java:65)
2023-09-01 19:30:50,725 [ERROR] LogOutputStream:75 - [STDERR_REDIRECT] 	at org.eclipse.equinox.internal.p2.repository.helpers.AbstractRepositoryManager.restoreFromSystemProperty(AbstractRepositoryManager.java:1013)
2023-09-01 19:30:50,727 [ERROR] LogOutputStream:75 - [STDERR_REDIRECT] 	at org.eclipse.equinox.internal.p2.repository.helpers.AbstractRepositoryManager.restoreRepositories(AbstractRepositoryManager.java:1033)
2023-09-01 19:30:50,728 [ERROR] LogOutputStream:75 - [STDERR_REDIRECT] 	at org.eclipse.equinox.internal.p2.repository.helpers.AbstractRepositoryManager.sortSuffixes(AbstractRepositoryManager.java:1112)
2023-09-01 19:30:50,729 [ERROR] LogOutputStream:75 - [STDERR_REDIRECT] 	at org.eclipse.equinox.internal.p2.repository.helpers.AbstractRepositoryManager.loadRepository(AbstractRepositoryManager.java:676)
2023-09-01 19:30:50,731 [ERROR] LogOutputStream:75 - [STDERR_REDIRECT] 	at org.eclipse.equinox.internal.p2.metadata.repository.MetadataRepositoryManager.loadRepository(MetadataRepositoryManager.java:110)
2023-09-01 19:30:50,733 [ERROR] LogOutputStream:75 - [STDERR_REDIRECT] 	at org.eclipse.equinox.internal.p2.metadata.repository.MetadataRepositoryManager.loadRepository(MetadataRepositoryManager.java:105)
2023-09-01 19:30:50,734 [ERROR] LogOutputStream:75 - [STDERR_REDIRECT] 	at org.eclipse.equinox.internal.p2.metadata.repository.CompositeMetadataRepository.addChild(CompositeMetadataRepository.java:171)
2023-09-01 19:30:50,736 [ERROR] LogOutputStream:75 - [STDERR_REDIRECT] 	at org.eclipse.equinox.internal.p2.metadata.repository.CompositeMetadataRepository.<init>(CompositeMetadataRepository.java:113)
2023-09-01 19:30:50,738 [ERROR] LogOutputStream:75 - [STDERR_REDIRECT] 	at org.eclipse.equinox.internal.p2.metadata.repository.CompositeMetadataRepositoryFactory.load(CompositeMetadataRepositoryFactory.java:124)
2023-09-01 19:30:50,740 [ERROR] LogOutputStream:75 - [STDERR_REDIRECT] 	at org.eclipse.equinox.internal.p2.metadata.repository.MetadataRepositoryManager.factoryLoad(MetadataRepositoryManager.java:63)
2023-09-01 19:30:50,743 [ERROR] LogOutputStream:75 - [STDERR_REDIRECT] 	at org.eclipse.equinox.internal.p2.repository.helpers.AbstractRepositoryManager.loadRepository(AbstractRepositoryManager.java:787)
2023-09-01 19:30:50,745 [ERROR] LogOutputStream:75 - [STDERR_REDIRECT] 	at org.eclipse.equinox.internal.p2.repository.helpers.AbstractRepositoryManager.loadRepository(AbstractRepositoryManager.java:685)
2023-09-01 19:30:50,746 [ERROR] LogOutputStream:75 - [STDERR_REDIRECT] 	at org.eclipse.equinox.internal.p2.metadata.repository.MetadataRepositoryManager.loadRepository(MetadataRepositoryManager.java:110)
2023-09-01 19:30:50,748 [ERROR] LogOutputStream:75 - [STDERR_REDIRECT] 	at org.eclipse.equinox.internal.p2.metadata.repository.MetadataRepositoryManager.loadRepository(MetadataRepositoryManager.java:105)
2023-09-01 19:30:50,750 [ERROR] LogOutputStream:75 - [STDERR_REDIRECT] 	at org.eclipse.equinox.internal.p2.updatechecker.UpdateChecker.getAvailableRepositories(UpdateChecker.java:152)
2023-09-01 19:30:50,753 [ERROR] LogOutputStream:75 - [STDERR_REDIRECT] 	at org.eclipse.equinox.internal.p2.updatechecker.UpdateChecker.checkForUpdates(UpdateChecker.java:130)
2023-09-01 19:30:50,756 [ERROR] LogOutputStream:75 - [STDERR_REDIRECT] 	at org.eclipse.equinox.internal.p2.updatechecker.UpdateChecker$UpdateCheckThread.run(UpdateChecker.java:78)
